\BOOKMARK [0][-]{chapter.1}{La mod\351lisation}{}% 1
\BOOKMARK [1][-]{section.1.1}{Le mod\350le entit\351 association}{chapter.1}% 2
\BOOKMARK [2][-]{subsection.1.1.1}{La table Utilisateurs}{section.1.1}% 3
\BOOKMARK [2][-]{subsection.1.1.2}{La table Ingredient}{section.1.1}% 4
\BOOKMARK [2][-]{subsection.1.1.3}{La table Unites}{section.1.1}% 5
\BOOKMARK [2][-]{subsection.1.1.4}{La table Categorie}{section.1.1}% 6
\BOOKMARK [2][-]{subsection.1.1.5}{La table Regimes}{section.1.1}% 7
\BOOKMARK [2][-]{subsection.1.1.6}{La table Recette}{section.1.1}% 8
\BOOKMARK [2][-]{subsection.1.1.7}{La table Etape}{section.1.1}% 9
\BOOKMARK [2][-]{subsection.1.1.8}{La table phaseEtape}{section.1.1}% 10
\BOOKMARK [2][-]{subsection.1.1.9}{La table medias}{section.1.1}% 11
\BOOKMARK [2][-]{subsection.1.1.10}{La table types}{section.1.1}% 12
\BOOKMARK [1][-]{section.1.2}{Les contraintes d'int\351grit\351}{chapter.1}% 13
\BOOKMARK [2][-]{subsection.1.2.1}{La table Utilisateurs}{section.1.2}% 14
\BOOKMARK [2][-]{subsection.1.2.2}{La table Ingredients}{section.1.2}% 15
\BOOKMARK [2][-]{subsection.1.2.3}{La table Unites}{section.1.2}% 16
\BOOKMARK [2][-]{subsection.1.2.4}{La table Categories}{section.1.2}% 17
\BOOKMARK [2][-]{subsection.1.2.5}{La table Regimes}{section.1.2}% 18
\BOOKMARK [2][-]{subsection.1.2.6}{La table Recettes}{section.1.2}% 19
\BOOKMARK [2][-]{subsection.1.2.7}{La table Etapes}{section.1.2}% 20
\BOOKMARK [2][-]{subsection.1.2.8}{La table phasesEtapes}{section.1.2}% 21
\BOOKMARK [2][-]{subsection.1.2.9}{La table medias}{section.1.2}% 22
\BOOKMARK [2][-]{subsection.1.2.10}{La table types}{section.1.2}% 23
\BOOKMARK [1][-]{section.1.3}{Les relations}{chapter.1}% 24
\BOOKMARK [2][-]{subsection.1.3.1}{Liens entre la table Recette et Utilisateurs}{section.1.3}% 25
\BOOKMARK [2][-]{subsection.1.3.2}{Liens entre la table Recettes et Etapes}{section.1.3}% 26
\BOOKMARK [2][-]{subsection.1.3.3}{Liens entre la table Etapes et PhasesEtapes}{section.1.3}% 27
\BOOKMARK [2][-]{subsection.1.3.4}{Liens entre la table Recettes et Medias}{section.1.3}% 28
\BOOKMARK [2][-]{subsection.1.3.5}{Liens entre la table Medias et Types}{section.1.3}% 29
\BOOKMARK [2][-]{subsection.1.3.6}{Liens entre la table Recettes et Ingr\351dients}{section.1.3}% 30
\BOOKMARK [2][-]{subsection.1.3.7}{Liens entre la table Ingr\351dients et Categories}{section.1.3}% 31
\BOOKMARK [2][-]{subsection.1.3.8}{Liens entre la table Ingr\351dients et Unites}{section.1.3}% 32
\BOOKMARK [2][-]{subsection.1.3.9}{Liens entre la table Ingr\351dients et Utilisateurs}{section.1.3}% 33
\BOOKMARK [2][-]{subsection.1.3.10}{Liens entre la table Regimes et Utilisateurs}{section.1.3}% 34
\BOOKMARK [2][-]{subsection.1.3.11}{Liens entre la table Regimes et Ingr\351dients}{section.1.3}% 35
\BOOKMARK [1][-]{section.1.4}{Le mod\350le logique relationel}{chapter.1}% 36
\BOOKMARK [0][-]{chapter.2}{L'impl\351mentation de la base donn\351es}{}% 37
\BOOKMARK [1][-]{section.2.1}{Cr\351ation des tables}{chapter.2}% 38
\BOOKMARK [1][-]{section.2.2}{Suppression des tables}{chapter.2}% 39
\BOOKMARK [1][-]{section.2.3}{Insertion de donn\351es}{chapter.2}% 40
